<?xml version="1.0" encoding="UTF-8"?>
<testng-results ignored="0" total="1" passed="1" failed="0" skipped="0">
  <reporter-output>
  </reporter-output>
  <suite started-at="2021-10-13T12:47:11 IST" name="Default suite" finished-at="2021-10-13T12:48:07 IST" duration-ms="55915">
    <groups>
    </groups>
    <test started-at="2021-10-13T12:47:11 IST" name="Default test" finished-at="2021-10-13T12:48:07 IST" duration-ms="55915">
      <class name="spicejetbook.spicejetbook.AppTest">
        <test-method signature="loginAbc()[pri:0, instance:spicejetbook.spicejetbook.AppTest@770d3326]" started-at="2021-10-13T12:47:11 IST" name="loginAbc" finished-at="2021-10-13T12:48:07 IST" duration-ms="55840" status="PASS">
          <reporter-output>
          </reporter-output>
        </test-method> <!-- loginAbc -->
      </class> <!-- spicejetbook.spicejetbook.AppTest -->
    </test> <!-- Default test -->
  </suite> <!-- Default suite -->
</testng-results>
